-------------------------------------------------------------------------------
Test set: com.unittest.abhi.unittest1.controller.ItemControllerTest
-------------------------------------------------------------------------------
Tests run: 2, Failures: 1, Errors: 0, Skipped: 0, Time elapsed: 1.184 s <<< FAILURE! - in com.unittest.abhi.unittest1.controller.ItemControllerTest
dummyItem_basic  Time elapsed: 0.12 s  <<< FAILURE!
java.lang.AssertionError: Response content expected:<{"id":1,"name":"Abhi","price":10,"quantity":100}> but was:<{"id":1,"name":"Abhi","price":10,"quantity":100,"value":0}>
	at com.unittest.abhi.unittest1.controller.ItemControllerTest.dummyItem_basic(ItemControllerTest.java:39)

