<?xml version="1.0" encoding="UTF-8"?>
<testsuite xmlns:xsi="http://www.w3.org/2001/XMLSchema-instance" xsi:noNamespaceSchemaLocation="https://maven.apache.org/surefire/maven-surefire-plugin/xsd/surefire-test-report.xsd" name="com.unittest.abhi.unittest1.controller.ItemControllerTest" time="1.184" tests="2" errors="0" skipped="0" failures="1">
  <properties>
[...]
</properties>
  <testcase name="dummyItem_basic" classname="com.unittest.abhi.unittest1.controller.ItemControllerTest" time="0.12">
    <failure message="Response content expected:&lt;{&quot;id&quot;:1,&quot;name&quot;:&quot;Abhi&quot;,&quot;price&quot;:10,&quot;quantity&quot;:100}&gt; but was:&lt;{&quot;id&quot;:1,&quot;name&quot;:&quot;Abhi&quot;,&quot;price&quot;:10,&quot;quantity&quot;:100,&quot;value&quot;:0}&gt;" type="java.lang.AssertionError"><![CDATA[java.lang.AssertionError: Response content expected:<{"id":1,"name":"Abhi","price":10,"quantity":100}> but was:<{"id":1,"name":"Abhi","price":10,"quantity":100,"value":0}>
	at com.unittest.abhi.unittest1.controller.ItemControllerTest.dummyItem_basic(ItemControllerTest.java:39)
]]></failure>
    <system-out><![CDATA[2022-06-23 13:07:35.171  INFO 15372 --- [           main] .b.t.a.w.s.WebMvcTestContextBootstrapper : Neither @ContextConfiguration nor @ContextHierarchy found for test class [com.unittest.abhi.unittest1.controller.ItemControllerTest], using SpringBootContextLoader
2022-06-23 13:07:35.172  INFO 15372 --- [           main] o.s.t.c.support.AbstractContextLoader    : Could not detect default resource locations for test class [com.unittest.abhi.unittest1.controller.ItemControllerTest]: no resource found for suffixes {-context.xml, Context.groovy}.
2022-06-23 13:07:35.173  INFO 15372 --- [           main] t.c.s.AnnotationConfigContextLoaderUtils : Could not detect default configuration classes for test class [com.unittest.abhi.unittest1.controller.ItemControllerTest]: ItemControllerTest does not declare any static, non-private, non-final, nested classes annotated with @Configuration.
2022-06-23 13:07:35.185  INFO 15372 --- [           main] .b.t.c.SpringBootTestContextBootstrapper : Found @SpringBootConfiguration com.unittest.abhi.unittest1.Unittest1Application for test class com.unittest.abhi.unittest1.controller.ItemControllerTest
2022-06-23 13:07:35.187  INFO 15372 --- [           main] .b.t.a.w.s.WebMvcTestContextBootstrapper : Loaded default TestExecutionListener class names from location [META-INF/spring.factories]: [org.springframework.boot.test.mock.mockito.MockitoTestExecutionListener, org.springframework.boot.test.mock.mockito.ResetMocksTestExecutionListener, org.springframework.boot.test.autoconfigure.restdocs.RestDocsTestExecutionListener, org.springframework.boot.test.autoconfigure.web.client.MockRestServiceServerResetTestExecutionListener, org.springframework.boot.test.autoconfigure.web.servlet.MockMvcPrintOnlyOnFailureTestExecutionListener, org.springframework.boot.test.autoconfigure.web.servlet.WebDriverTestExecutionListener, org.springframework.boot.test.autoconfigure.webservices.client.MockWebServiceServerTestExecutionListener, org.springframework.test.context.web.ServletTestExecutionListener, org.springframework.test.context.support.DirtiesContextBeforeModesTestExecutionListener, org.springframework.test.context.event.ApplicationEventsTestExecutionListener, org.springframework.test.context.support.DependencyInjectionTestExecutionListener, org.springframework.test.context.support.DirtiesContextTestExecutionListener, org.springframework.test.context.transaction.TransactionalTestExecutionListener, org.springframework.test.context.jdbc.SqlScriptsTestExecutionListener, org.springframework.test.context.event.EventPublishingTestExecutionListener]
2022-06-23 13:07:35.188  INFO 15372 --- [           main] .b.t.a.w.s.WebMvcTestContextBootstrapper : Using TestExecutionListeners: [org.springframework.test.context.web.ServletTestExecutionListener@5d3f99d7, org.springframework.test.context.support.DirtiesContextBeforeModesTestExecutionListener@561d88ee, org.springframework.test.context.event.ApplicationEventsTestExecutionListener@2c34402, org.springframework.boot.test.mock.mockito.MockitoTestExecutionListener@5f883d90, org.springframework.boot.test.autoconfigure.SpringBootDependencyInjectionTestExecutionListener@7e58f697, org.springframework.test.context.support.DirtiesContextTestExecutionListener@44384b4a, org.springframework.test.context.transaction.TransactionalTestExecutionListener@5cc3e49b, org.springframework.test.context.jdbc.SqlScriptsTestExecutionListener@4239262e, org.springframework.test.context.event.EventPublishingTestExecutionListener@7bec8cb0, org.springframework.boot.test.mock.mockito.ResetMocksTestExecutionListener@7d88fa9c, org.springframework.boot.test.autoconfigure.restdocs.RestDocsTestExecutionListener@3eac2e8a, org.springframework.boot.test.autoconfigure.web.client.MockRestServiceServerResetTestExecutionListener@352f6727, org.springframework.boot.test.autoconfigure.web.servlet.MockMvcPrintOnlyOnFailureTestExecutionListener@2ab9e43e, org.springframework.boot.test.autoconfigure.web.servlet.WebDriverTestExecutionListener@10dfa7ef, org.springframework.boot.test.autoconfigure.webservices.client.MockWebServiceServerTestExecutionListener@4fd80300]

  .   ____          _            __ _ _
 /\\ / ___'_ __ _ _(_)_ __  __ _ \ \ \ \
( ( )\___ | '_ | '_| | '_ \/ _` | \ \ \ \
 \\/  ___)| |_)| | | | | || (_| |  ) ) ) )
  '  |____| .__|_| |_|_| |_\__, | / / / /
 =========|_|==============|___/=/_/_/_/
 :: Spring Boot ::                (v2.6.6)

2022-06-23 13:07:35.233  INFO 15372 --- [           main] c.u.a.u.controller.ItemControllerTest    : Starting ItemControllerTest using Java 18 on LAPTOP-CBQ7GMAT with PID 15372 (started by 002B0N744 in C:\Users\002B0N744\Documents\API\unit testing\codebase\unittest1)
2022-06-23 13:07:35.233  INFO 15372 --- [           main] c.u.a.u.controller.ItemControllerTest    : No active profile set, falling back to 1 default profile: "default"
2022-06-23 13:07:36.188  INFO 15372 --- [           main] o.s.b.t.m.w.SpringBootMockServletContext : Initializing Spring TestDispatcherServlet ''
2022-06-23 13:07:36.189  INFO 15372 --- [           main] o.s.t.web.servlet.TestDispatcherServlet  : Initializing Servlet ''
2022-06-23 13:07:36.190  INFO 15372 --- [           main] o.s.t.web.servlet.TestDispatcherServlet  : Completed initialization in 1 ms
2022-06-23 13:07:36.214  INFO 15372 --- [           main] c.u.a.u.controller.ItemControllerTest    : Started ItemControllerTest in 1.022 seconds (JVM running for 8.077)

MockHttpServletRequest:
      HTTP Method = GET
      Request URI = /dummy-item
       Parameters = {}
          Headers = [Accept:"application/json"]
             Body = null
    Session Attrs = {}

Handler:
             Type = com.unittest.abhi.unittest1.controller.ItemController
           Method = com.unittest.abhi.unittest1.controller.ItemController#dummyItem()

Async:
    Async started = false
     Async result = null

Resolved Exception:
             Type = null

ModelAndView:
        View name = null
             View = null
            Model = null

FlashMap:
       Attributes = null

MockHttpServletResponse:
           Status = 200
    Error message = null
          Headers = [Content-Type:"application/json"]
     Content type = application/json
             Body = {"id":1,"name":"Abhi","price":10,"quantity":100,"value":0}
    Forwarded URL = null
   Redirected URL = null
          Cookies = []
]]></system-out>
  </testcase>
  <testcase name="dummyItem_fromService" classname="com.unittest.abhi.unittest1.controller.ItemControllerTest" time="0.015"/>
</testsuite>